Arguments: 
  C:\Program Files\nodejs\node.exe C:\Users\rajan\.node\corepack\yarn\1.22.19\bin\yarn.js add solcjs@0.8.7-fixed

PATH: 
  C:\Program Files\WindowsApps\Microsoft.PowerShell_7.3.4.0_x64__8wekyb3d8bbwe;C:\Program Files (x86)\VMware\VMware Player\bin\;C:\Program Files\Common Files\Oracle\Java\javapath;C:\Windows\system32;C:\Windows;C:\Windows\System32\Wbem;C:\Windows\System32\WindowsPowerShell\v1.0\;C:\Windows\System32\OpenSSH\;C:\Program Files\NVIDIA Corporation\NVIDIA NvDLISR;C:\Program Files (x86)\NVIDIA Corporation\PhysX\Common;C:\Users\rajan\AppData\Local\Microsoft\WindowsApps;C:\Users\rajan\AppData\Local\Programs\Microsoft VS Code\bin;C:\adb;C:\Program Files\Java\jdk-17\bin;C:\WINDOWS\system32;C:\WINDOWS;C:\WINDOWS\System32\Wbem;C:\WINDOWS\System32\WindowsPowerShell\v1.0\;C:\WINDOWS\System32\OpenSSH\;C:\Program Files\Git\cmd;C:\Program Files\dotnet\;C:\Program Files\Microsoft SQL Server\Client SDK\ODBC\170\Tools\Binn\;C:\Program Files (x86)\Microsoft SQL Server\150\Tools\Binn\;C:\Program Files\Microsoft SQL Server\150\Tools\Binn\;C:\Program Files\Microsoft SQL Server\150\DTS\Binn\;C:\Program Files\nodejs\;C:\Users\rajan\.local\share\solana\install\active_release\bin;C:\Program Files\MySQL\MySQL Shell 8.0\bin\;C:\Users\rajan\anaconda3;C:\Users\rajan\anaconda3\Library\mingw-w64\bin;C:\Users\rajan\anaconda3\Library\usr\bin;C:\Users\rajan\anaconda3\Library\bin;C:\Users\rajan\anaconda3\Scripts;C:\Users\rajan\anaconda3\python;C:\Users\rajan\anaconda3\python\Library\mingw-w64\bin;C:\Users\rajan\anaconda3\python\Library\usr\bin;C:\Users\rajan\anaconda3\python\Library\bin;C:\Users\rajan\anaconda3\python\Scripts;C:\Users\rajan\AppData\Local\Microsoft\WindowsApps;C:\Users\rajan\AppData\Local\Programs\Microsoft VS Code\bin;C:\Program Files\JetBrains\IntelliJ IDEA Community Edition 2021.2.2\bin;;C:\Program Files\MongoDB\Server\5.0\bin;C:\Program Files\MongoDB\Server\5.0\bin\mongo.exe;C:\Program Files\MongoDB\Server\5.0\bin\mongod.exe;C:\Users\rajan\AppData\Local\GitHubDesktop\bin;C:\Users\rajan\AppData\Roaming\npm;D:\flutter\bin;

Yarn version: 
  1.22.19

Node version: 
  16.17.1

Platform: 
  win32 x64

Trace: 
  Error: https://registry.yarnpkg.com/solcjs: Not found
      at Request.params.callback [as _callback] (C:\Users\rajan\.node\corepack\yarn\1.22.19\lib\cli.js:66145:18)
      at Request.self.callback (C:\Users\rajan\.node\corepack\yarn\1.22.19\lib\cli.js:140890:22)
      at Request.emit (node:events:513:28)
      at Request.<anonymous> (C:\Users\rajan\.node\corepack\yarn\1.22.19\lib\cli.js:141862:10)
      at Request.emit (node:events:513:28)
      at IncomingMessage.<anonymous> (C:\Users\rajan\.node\corepack\yarn\1.22.19\lib\cli.js:141784:12)
      at Object.onceWrapper (node:events:627:28)
      at IncomingMessage.emit (node:events:525:35)
      at endReadableNT (node:internal/streams/readable:1358:12)
      at processTicksAndRejections (node:internal/process/task_queues:83:21)

npm manifest: 
  {
    "dependencies": {
      "solc": "^0.8.7-fixed"
    }
  }

yarn manifest: 
  No manifest

Lockfile: 
  No lockfile
